

10:32:59.481384
Register Request 0


10:33:00.935700
Register Request 1


10:33:02.392972
Register Request 2


10:33:02.396974
Register Response 0


10:33:02.401970
Register Response 1


10:33:02.407970
Register Response 2


10:33:02.395973


10:33:02.421974
Routing Update
0,0:0,0
0,1:1,20
0,2:2,10
1,0:0,20
1,1:1,0
1,2:2,30
2,0:0,10
2,1:1,30
2,2:2,0
Routing Complete


10:33:22.681971
Switch Dead 1


10:33:22.685971
Routing Update
0,0:0,0
0,1:-1,9999
0,2:2,10
2,0:0,10
2,1:-1,9999
2,2:2,0
Routing Complete


11:32:41.098878
Register Request 0


11:32:41.099185
Register Request 2


11:32:41.099344
Register Request 1


11:32:41.101084
Register Request 4


11:32:41.105616
Register Request 3


11:32:43.348541
Register Request 5


11:32:43.349120
Routing Update
0,0:0,0
0,1:1,100
0,2:1,150
0,3:3,200
0,4:1,280
0,5:5,80
1,0:0,100
1,1:1,0
1,2:2,50
1,3:2,100
1,4:4,180
1,5:0,180
2,0:1,150
2,1:1,50
2,2:2,0
2,3:3,50
2,4:3,150
2,5:5,150
3,0:0,200
3,1:2,100
3,2:2,50
3,3:3,0
3,4:4,100
3,5:2,200
4,0:1,280
4,1:1,180
4,2:3,150
4,3:3,100
4,4:4,0
4,5:3,300
5,0:0,80
5,1:0,180
5,2:2,150
5,3:2,200
5,4:2,300
5,5:5,0
Routing Complete


11:32:43.349589
Register Response 0


11:32:43.350489
Register Response 1


11:32:43.351278
Register Response 2


11:32:43.352378
Register Response 3


11:32:43.353261
Register Response 4


11:32:43.354133
Register Response 5


11:33:01.371152
Switch Dead 5


11:33:01.372199
Routing Update
0,0:0,0
0,1:1,100
0,2:1,150
0,3:3,200
0,4:1,280
0,5:-1,9999
1,0:0,100
1,1:1,0
1,2:2,50
1,3:2,100
1,4:4,180
1,5:-1,9999
2,0:1,150
2,1:1,50
2,2:2,0
2,3:3,50
2,4:3,150
2,5:-1,9999
3,0:0,200
3,1:2,100
3,2:2,50
3,3:3,0
3,4:4,100
3,5:-1,9999
4,0:1,280
4,1:1,180
4,2:3,150
4,3:3,100
4,4:4,0
4,5:-1,9999
Routing Complete


11:33:01.373542
Routing Update
0,0:0,0
0,1:1,100
0,2:1,150
0,3:3,200
0,4:1,280
0,5:1,300
1,0:0,100
1,1:1,0
1,2:2,50
1,3:2,100
1,4:4,180
1,5:2,200
2,0:1,150
2,1:1,50
2,2:2,0
2,3:3,50
2,4:3,150
2,5:5,150
3,0:0,200
3,1:2,100
3,2:2,50
3,3:3,0
3,4:4,100
3,5:2,200
4,0:1,280
4,1:1,180
4,2:3,150
4,3:3,100
4,4:4,0
4,5:3,300
Routing Complete


11:33:01.376122
Link Dead 2,5


11:33:01.376657
Routing Update
0,0:0,0
0,1:1,100
0,2:1,150
0,3:3,200
0,4:1,280
0,5:-1,9999
1,0:0,100
1,1:1,0
1,2:2,50
1,3:2,100
1,4:4,180
1,5:-1,9999
2,0:1,150
2,1:1,50
2,2:2,0
2,3:3,50
2,4:3,150
2,5:-1,9999
3,0:0,200
3,1:2,100
3,2:2,50
3,3:3,0
3,4:4,100
3,5:-1,9999
4,0:1,280
4,1:1,180
4,2:3,150
4,3:3,100
4,4:4,0
4,5:-1,9999
Routing Complete


START LOGGING CONFIG FILE6
0 1 100
0 3 200
0 5 80
1 2 50
1 4 180
2 3 50
2 5 150
3 4 100
END LOGGING CONFIG FILE

11:58:18.722368
Register Request 4


11:58:18.722606
Register Request 1


11:58:18.722680
Register Request 0


11:58:18.722739
Register Request 3


11:58:18.723963
Register Request 2


11:58:23.312837
Register Request 5


11:58:23.313056
Routing Update
0,0:0,0
0,1:1,100
0,2:1,150
0,3:3,200
0,4:1,280
0,5:5,80
1,0:0,100
1,1:1,0
1,2:2,50
1,3:2,100
1,4:4,180
1,5:0,180
2,0:1,150
2,1:1,50
2,2:2,0
2,3:3,50
2,4:3,150
2,5:5,150
3,0:0,200
3,1:2,100
3,2:2,50
3,3:3,0
3,4:4,100
3,5:2,200
4,0:1,280
4,1:1,180
4,2:3,150
4,3:3,100
4,4:4,0
4,5:3,300
5,0:0,80
5,1:0,180
5,2:2,150
5,3:2,200
5,4:2,300
5,5:5,0
Routing Complete


11:58:23.313261
Register Response 0


11:58:23.313646
Register Response 1


11:58:23.314178
Register Response 2


11:58:23.314932
Register Response 3


11:58:23.315457
Register Response 4


11:58:23.316319
Register Response 5


START LOGGING CONFIG FILE
6
0 1 100
0 3 200
0 5 80
1 2 50
1 4 180
2 3 50
2 5 150
3 4 100
END LOGGING CONFIG FILE


12:56:08.910703
Register Request 2


12:56:08.911001
Register Request 3


12:56:08.911662
Register Request 0


12:56:08.912114
Register Request 4


12:56:08.914436
Register Request 1


12:56:10.820329
Register Request 5


START LOGGING CONFIG FILE
6
0 1 100
0 3 200
0 5 80
1 2 50
1 4 180
2 3 50
2 5 150
3 4 100
END LOGGING CONFIG FILE


START LOGGING CONFIG FILE
6
0 1 100
0 3 200
0 5 80
1 2 50
1 4 180
2 3 50
2 5 150
3 4 100
END LOGGING CONFIG FILE


START LOGGING CONFIG FILE
6
0 1 100
0 3 200
0 5 80
1 2 50
1 4 180
2 3 50
2 5 150
3 4 100
END LOGGING CONFIG FILE


12:56:54.765394
Register Request 2


12:56:54.765575
Register Request 1


12:56:54.765693
Register Request 3


12:56:54.766368
Register Request 0


12:56:54.769245
Register Request 4


12:56:57.554615
Register Request 5


START LOGGING CONFIG FILE
6
0 1 100
0 3 200
0 5 80
1 2 50
1 4 180
2 3 50
2 5 150
3 4 100
END LOGGING CONFIG FILE


START LOGGING CONFIG FILE
6
0 1 100
0 3 200
0 5 80
1 2 50
1 4 180
2 3 50
2 5 150
3 4 100
END LOGGING CONFIG FILE


12:57:34.030315
Register Request 3


12:57:34.030451
Register Request 4


12:57:34.030507
Register Request 2


12:57:34.031309
Register Request 0


12:57:34.032422
Register Request 1


12:57:35.309256
Register Request 5


START LOGGING CONFIG FILE
6
0 1 100
0 3 200
0 5 80
1 2 50
1 4 180
2 3 50
2 5 150
3 4 100
END LOGGING CONFIG FILE


12:58:16.825824
Register Request 1


12:58:16.826352
Register Request 4


12:58:16.826707
Register Request 2


12:58:16.826889
Register Request 0


12:58:16.827970
Register Request 3


12:58:17.823565
Register Request 5


12:58:17.823734
Routing Update
0,0:0,0
0,1:1,100
0,2:1,150
0,3:3,200
0,4:1,280
0,5:5,80
1,0:0,100
1,1:1,0
1,2:2,50
1,3:2,100
1,4:4,180
1,5:0,180
2,0:1,150
2,1:1,50
2,2:2,0
2,3:3,50
2,4:3,150
2,5:5,150
3,0:0,200
3,1:2,100
3,2:2,50
3,3:3,0
3,4:4,100
3,5:2,200
4,0:1,280
4,1:1,180
4,2:3,150
4,3:3,100
4,4:4,0
4,5:3,300
5,0:0,80
5,1:0,180
5,2:2,150
5,3:2,200
5,4:2,300
5,5:5,0
Routing Complete


12:58:17.823904
Register Response 0


12:58:17.824339
Register Response 1


12:58:17.824551
Register Response 2


12:58:17.825134
Register Response 3


12:58:17.825492
Register Response 4


12:58:17.825834
Register Response 5
