

10:32:59.480384
Register Request Sent


10:33:02.396974
Register Response received


10:33:02.589970
Routing Update
0,0:0
0,1:1
0,2:2
Routing Complete


10:33:22.472972
Neighbor Dead 1


10:33:22.829971
Routing Update
0,0:0
0,1:-1
0,2:2
Routing Complete


11:32:41.098775
Register Request Sent


11:32:43.349683
Register Response received


11:32:43.355026
Routing Update
0,0:0
0,1:1
0,2:1
0,3:3
0,4:1
0,5:5
Routing Complete


11:33:01.371361
Neighbor Dead 5


11:33:01.373663
Routing Update
0,0:0
0,1:1
0,2:1
0,3:3
0,4:1
0,5:-1
Routing Complete


11:33:01.374655
Routing Update
0,0:0
0,1:1
0,2:1
0,3:3
0,4:1
0,5:1
Routing Complete


11:33:01.377213
Routing Update
0,0:0
0,1:1
0,2:1
0,3:3
0,4:1
0,5:-1
Routing Complete


11:58:18.722304
Register Request Sent


11:58:23.313312
Register Response received


11:58:23.316867
Routing Update
0,0:0
0,1:1
0,2:1
0,3:3
0,4:1
0,5:5
Routing Complete


12:56:08.911650
Register Request Sent


12:56:54.766363
Register Request Sent


12:57:34.031271
Register Request Sent


12:58:16.826856
Register Request Sent


12:58:17.823948
Register Response received


12:58:17.826390
Routing Update
0,0:0
0,1:1
0,2:1
0,3:3
0,4:1
0,5:5
Routing Complete
